DEPRECATION WARNING: alias_method_chain is deprecated. Please, use Module#prepend instead. From module, you can access the original method using super. (called from block in tsort_each at /Users/ryanfrancis/.rbenv/versions/2.2.3/lib/ruby/2.2.0/tsort.rb:226)
DEPRECATION WARNING: alias_method_chain is deprecated. Please, use Module#prepend instead. From module, you can access the original method using super. (called from block in tsort_each at /Users/ryanfrancis/.rbenv/versions/2.2.3/lib/ruby/2.2.0/tsort.rb:226)
  [1m[35m (9.3ms)[0m  [1m[35mCREATE TABLE "schema_migrations" ("version" character varying NOT NULL) [0m
  [1m[35m (1.5ms)[0m  [1m[35mCREATE UNIQUE INDEX  "unique_schema_migrations" ON "schema_migrations"  ("version")[0m
  [1m[35m (0.3ms)[0m  [1m[34mSELECT pg_try_advisory_lock(8634151756669997040);[0m
  [1m[36mActiveRecord::SchemaMigration Load (0.8ms)[0m  [1m[34mSELECT "schema_migrations".* FROM "schema_migrations"[0m
  [1m[35m (0.4ms)[0m  [1m[34mSELECT pg_advisory_unlock(8634151756669997040)[0m
  [1m[36mActiveRecord::SchemaMigration Load (0.3ms)[0m  [1m[34mSELECT "schema_migrations".* FROM "schema_migrations"[0m
DEPRECATION WARNING: alias_method_chain is deprecated. Please, use Module#prepend instead. From module, you can access the original method using super. (called from block in tsort_each at /Users/ryanfrancis/.rbenv/versions/2.2.3/lib/ruby/2.2.0/tsort.rb:226)
DEPRECATION WARNING: before_filter is deprecated and will be removed in Rails 5.1. Use before_action instead. (called from <top (required)> at /Users/ryanfrancis/Documents/LaunchPad/test/goaltender_demo/app/controllers/application_controller.rb:1)
DEPRECATION WARNING: after_filter is deprecated and will be removed in Rails 5.1. Use after_action instead. (called from <top (required)> at /Users/ryanfrancis/Documents/LaunchPad/test/goaltender_demo/app/controllers/application_controller.rb:1)
DEPRECATION WARNING: alias_method_chain is deprecated. Please, use Module#prepend instead. From module, you can access the original method using super. (called from block in tsort_each at /Users/ryanfrancis/.rbenv/versions/2.2.3/lib/ruby/2.2.0/tsort.rb:226)
DEPRECATION WARNING: alias_method_chain is deprecated. Please, use Module#prepend instead. From module, you can access the original method using super. (called from block in tsort_each at /Users/ryanfrancis/.rbenv/versions/2.2.3/lib/ruby/2.2.0/tsort.rb:226)
DEPRECATION WARNING: alias_method_chain is deprecated. Please, use Module#prepend instead. From module, you can access the original method using super. (called from block in tsort_each at /Users/ryanfrancis/.rbenv/versions/2.2.3/lib/ruby/2.2.0/tsort.rb:226)
  [1m[35m (0.3ms)[0m  [1m[34mSELECT pg_try_advisory_lock(8634151756669997040);[0m
  [1m[36mActiveRecord::SchemaMigration Load (0.7ms)[0m  [1m[34mSELECT "schema_migrations".* FROM "schema_migrations"[0m
Migrating to CreateTrips (20160205031715)
  [1m[35m (0.2ms)[0m  [1m[35mBEGIN[0m
  [1m[35m (17.6ms)[0m  [1m[35mCREATE TABLE "trips" ("id" serial primary key, "name" character varying, "start_date" date, "end_date" date, "created_at" timestamp NOT NULL, "updated_at" timestamp NOT NULL) [0m
  [1m[35mSQL (0.8ms)[0m  [1m[32mINSERT INTO "schema_migrations" ("version") VALUES ($1)[0m  [["version", "20160205031715"]]
  [1m[35m (1.3ms)[0m  [1m[35mCOMMIT[0m
Migrating to CreateDestinations (20160205031756)
  [1m[35m (0.3ms)[0m  [1m[35mBEGIN[0m
  [1m[35m (4.8ms)[0m  [1m[35mCREATE TABLE "destinations" ("id" serial primary key, "city" character varying, "state" character varying, "arrival_date" date, "departure_date" date, "created_at" timestamp NOT NULL, "updated_at" timestamp NOT NULL) [0m
  [1m[35mSQL (0.3ms)[0m  [1m[32mINSERT INTO "schema_migrations" ("version") VALUES ($1)[0m  [["version", "20160205031756"]]
  [1m[35m (0.5ms)[0m  [1m[35mCOMMIT[0m
  [1m[35m (0.4ms)[0m  [1m[34mSELECT pg_advisory_unlock(8634151756669997040)[0m
  [1m[36mActiveRecord::SchemaMigration Load (0.6ms)[0m  [1m[34mSELECT "schema_migrations".* FROM "schema_migrations"[0m
  [1m[35m (5.2ms)[0m  [1m[34mSELECT t2.oid::regclass::text AS to_table, a1.attname AS column, a2.attname AS primary_key, c.conname AS name, c.confupdtype AS on_update, c.confdeltype AS on_delete
FROM pg_constraint c
JOIN pg_class t1 ON c.conrelid = t1.oid
JOIN pg_class t2 ON c.confrelid = t2.oid
JOIN pg_attribute a1 ON a1.attnum = c.conkey[1] AND a1.attrelid = t1.oid
JOIN pg_attribute a2 ON a2.attnum = c.confkey[1] AND a2.attrelid = t2.oid
JOIN pg_namespace t3 ON c.connamespace = t3.oid
WHERE c.contype = 'f'
  AND t1.relname = 'destinations'
  AND t3.nspname = ANY (current_schemas(false))
ORDER BY c.conname
[0m
  [1m[35m (4.5ms)[0m  [1m[34mSELECT t2.oid::regclass::text AS to_table, a1.attname AS column, a2.attname AS primary_key, c.conname AS name, c.confupdtype AS on_update, c.confdeltype AS on_delete
FROM pg_constraint c
JOIN pg_class t1 ON c.conrelid = t1.oid
JOIN pg_class t2 ON c.confrelid = t2.oid
JOIN pg_attribute a1 ON a1.attnum = c.conkey[1] AND a1.attrelid = t1.oid
JOIN pg_attribute a2 ON a2.attnum = c.confkey[1] AND a2.attrelid = t2.oid
JOIN pg_namespace t3 ON c.connamespace = t3.oid
WHERE c.contype = 'f'
  AND t1.relname = 'trips'
  AND t3.nspname = ANY (current_schemas(false))
ORDER BY c.conname
[0m
DEPRECATION WARNING: alias_method_chain is deprecated. Please, use Module#prepend instead. From module, you can access the original method using super. (called from block in tsort_each at /Users/ryanfrancis/.rbenv/versions/2.2.3/lib/ruby/2.2.0/tsort.rb:226)
DEPRECATION WARNING: before_filter is deprecated and will be removed in Rails 5.1. Use before_action instead. (called from <top (required)> at /Users/ryanfrancis/Documents/LaunchPad/test/goaltender_demo/app/controllers/application_controller.rb:1)
DEPRECATION WARNING: after_filter is deprecated and will be removed in Rails 5.1. Use after_action instead. (called from <top (required)> at /Users/ryanfrancis/Documents/LaunchPad/test/goaltender_demo/app/controllers/application_controller.rb:1)


Started GET "/" for ::1 at 2016-02-04 21:23:06 -0600
  [1m[36mActiveRecord::SchemaMigration Load (0.7ms)[0m  [1m[34mSELECT "schema_migrations".* FROM "schema_migrations"[0m
Processing by TripsController#index as HTML
  Rendered trips/index.html.erb within layouts/application (2.7ms)
Completed 200 OK in 6633ms (Views: 6621.7ms | ActiveRecord: 0.0ms)



Started GET "/assets/application.self-2237b48d1bd63ef6c989c8d33a595138cd6cafc6843621636e4b3f37043dd940.css?body=1" for ::1 at 2016-02-04 21:23:12 -0600




Started GET "/assets/trips.self-877aef30ae1b040ab8a3aba4e3e309a11d7f2612f44dde450b5c157aa5f95c05.js?body=1" for ::1 at 2016-02-04 21:23:12 -0600



Started GET "/assets/bootstrap/affix.self-3555752f8a930795ee9e56751a52e6871104ae85d01b3ab8363da3802a5ecc78.js?body=1" for ::1 at 2016-02-04 21:23:12 -0600
Started GET "/assets/bootstrap/alert.self-d8b7bd612b3dcfdefb7b5539b9d5848d66ccbd3e7af8bb8d48bfb3288aaa7be8.js?body=1" for ::1 at 2016-02-04 21:23:12 -0600



Started GET "/assets/bootstrap/carousel.self-35d204878d906298e55bc24553e11fd89b980fc4ffe5792fe36af8c0da289c54.js?body=1" for ::1 at 2016-02-04 21:23:12 -0600
Started GET "/assets/bootstrap/button.self-e74d33ba39500940a78d6fa4d2d64f6ca7fd86d60a2149641f7fde7ba711d8a1.js?body=1" for ::1 at 2016-02-04 21:23:12 -0600

Started GET "/assets/bootstrap/collapse.self-056c40532d9f0f126ec17e839f60c942f573fbd61a086e7f156306e3fc5e8c1f.js?body=1" for ::1 at 2016-02-04 21:23:12 -0600


Started GET "/assets/bootstrap/dropdown.self-e56c2ffee4618411d43ecf15c89273f6223847ad756e1cd17545d04afa732ed4.js?body=1" for ::1 at 2016-02-04 21:23:12 -0600




Started GET "/assets/bootstrap/scrollspy.self-52afd90e8ba97d9f08617a13986e8869d6c4a45751c0bff59a6f91241e722aca.js?body=1" for ::1 at 2016-02-04 21:23:12 -0600

Started GET "/assets/bootstrap/modal.self-62463080dba6b9d024ff0a3192da0e76eacbc683194f3395047c6f5cfa0acb59.js?body=1" for ::1 at 2016-02-04 21:23:12 -0600


Started GET "/assets/bootstrap/tab.self-dad0d5c377f9fae26394484535ebb23ccf68afae084f896af6ea4cdf8c9f6ae0.js?body=1" for ::1 at 2016-02-04 21:23:12 -0600





Started GET "/assets/bootstrap/tooltip.self-facdc69246a072acb927ded77ff655f7c27a518b9357fddd45d119fbc8a0ab9f.js?body=1" for ::1 at 2016-02-04 21:23:12 -0600



Started GET "/assets/bootstrap/transition.self-3b268d4cd8c79e46ded7392885f72f64ffb5b0d49948a12b8cf9779f6163e13a.js?body=1" for ::1 at 2016-02-04 21:23:12 -0600
Started GET "/assets/bootstrap-sprockets.self-fbfa5ad7d9aa0afe439ec4ff3883acc4cb92b62cb67c40d674320c9aa1d4642d.js?body=1" for ::1 at 2016-02-04 21:23:12 -0600

Started GET "/assets/bootstrap/popover.self-210cff1fb4b72b71a29b5122180cb5937c8145cd13a934dc838280f1d9607a3e.js?body=1" for ::1 at 2016-02-04 21:23:12 -0600
Started GET "/assets/application.self-9b9be17d3c356f1a9a23b03b3b5d01bb4e46845459cc7ac189cd20f571fefb23.js?body=1" for ::1 at 2016-02-04 21:23:12 -0600


Started GET "/" for ::1 at 2016-02-04 21:27:24 -0600
Processing by TripsController#index as HTML
  Rendered trips/index.html.erb within layouts/application (1.0ms)
Completed 200 OK in 104ms (Views: 101.4ms | ActiveRecord: 0.0ms)










Started GET "/assets/application.self-2237b48d1bd63ef6c989c8d33a595138cd6cafc6843621636e4b3f37043dd940.css?body=1" for ::1 at 2016-02-04 21:27:24 -0600

Started GET "/assets/jquery_ujs.self-d602bdfe68ffc63b9f9cc512872aa3cfff046228a0a36e90dd476e8ef54c1b09.js?body=1" for ::1 at 2016-02-04 21:27:24 -0600

Started GET "/assets/turbolinks.self-c37727e9bd6b2735da5c311aa83fead54ed0be6cc8bd9a65309e9c5abe2cbfff.js?body=1" for ::1 at 2016-02-04 21:27:24 -0600
Started GET "/assets/jquery.self-c64a74367bda6ef8b860f19e74df08927ca99d2be2ac934e9e92d5fd361e0da4.js?body=1" for ::1 at 2016-02-04 21:27:24 -0600
Started GET "/assets/action_cable.self-8fc7cfd5b796d0299c89a57dbf5b046051f42ce410f160fd7f1e677c8dc07def.js?body=1" for ::1 at 2016-02-04 21:27:24 -0600
Started GET "/assets/action_cable/connection.self-03fd4ada852b2a22cfb5d4c9478b83189b7a32cae3c1385a4fb1cdf8b52ad169.js?body=1" for ::1 at 2016-02-04 21:27:24 -0600









Started GET "/assets/action_cable/connection_monitor.self-96ccf8cd7b05d478ea0ab7cd14ef5fdfd0041d1c71c0aab83388a89f2738de76.js?body=1" for ::1 at 2016-02-04 21:27:25 -0600
Started GET "/assets/action_cable/subscriptions.self-170b7f9892e046ad9db79d6214bd916e001995616586ed9521b4b1d68ad91edb.js?body=1" for ::1 at 2016-02-04 21:27:25 -0600

Started GET "/assets/action_cable/subscription.self-63bb8fcaf3e18e3bb4b849c831819921afe52d3e48e77f3c0d2d50fdf43a9b0c.js?body=1" for ::1 at 2016-02-04 21:27:25 -0600

Started GET "/assets/action_cable/consumer.self-3424ad9f5e606f20e5e1f688b93f3d68db3ef18d1b646823d37c984e62b4b72e.js?body=1" for ::1 at 2016-02-04 21:27:25 -0600


Started GET "/assets/cable.self-877aef30ae1b040ab8a3aba4e3e309a11d7f2612f44dde450b5c157aa5f95c05.js?body=1" for ::1 at 2016-02-04 21:27:25 -0600

Started GET "/assets/trips.self-877aef30ae1b040ab8a3aba4e3e309a11d7f2612f44dde450b5c157aa5f95c05.js?body=1" for ::1 at 2016-02-04 21:27:25 -0600





Started GET "/assets/bootstrap/affix.self-3555752f8a930795ee9e56751a52e6871104ae85d01b3ab8363da3802a5ecc78.js?body=1" for ::1 at 2016-02-04 21:27:25 -0600


Started GET "/assets/bootstrap/alert.self-d8b7bd612b3dcfdefb7b5539b9d5848d66ccbd3e7af8bb8d48bfb3288aaa7be8.js?body=1" for ::1 at 2016-02-04 21:27:25 -0600

Started GET "/assets/bootstrap/button.self-e74d33ba39500940a78d6fa4d2d64f6ca7fd86d60a2149641f7fde7ba711d8a1.js?body=1" for ::1 at 2016-02-04 21:27:25 -0600

Started GET "/assets/bootstrap/carousel.self-35d204878d906298e55bc24553e11fd89b980fc4ffe5792fe36af8c0da289c54.js?body=1" for ::1 at 2016-02-04 21:27:25 -0600
Started GET "/assets/bootstrap/collapse.self-056c40532d9f0f126ec17e839f60c942f573fbd61a086e7f156306e3fc5e8c1f.js?body=1" for ::1 at 2016-02-04 21:27:25 -0600






Started GET "/assets/bootstrap/dropdown.self-e56c2ffee4618411d43ecf15c89273f6223847ad756e1cd17545d04afa732ed4.js?body=1" for ::1 at 2016-02-04 21:27:25 -0600


Started GET "/assets/bootstrap/modal.self-62463080dba6b9d024ff0a3192da0e76eacbc683194f3395047c6f5cfa0acb59.js?body=1" for ::1 at 2016-02-04 21:27:25 -0600

Started GET "/assets/bootstrap/scrollspy.self-52afd90e8ba97d9f08617a13986e8869d6c4a45751c0bff59a6f91241e722aca.js?body=1" for ::1 at 2016-02-04 21:27:25 -0600

Started GET "/assets/bootstrap/tab.self-dad0d5c377f9fae26394484535ebb23ccf68afae084f896af6ea4cdf8c9f6ae0.js?body=1" for ::1 at 2016-02-04 21:27:25 -0600
Started GET "/assets/bootstrap/transition.self-3b268d4cd8c79e46ded7392885f72f64ffb5b0d49948a12b8cf9779f6163e13a.js?body=1" for ::1 at 2016-02-04 21:27:25 -0600





Started GET "/assets/bootstrap/tooltip.self-facdc69246a072acb927ded77ff655f7c27a518b9357fddd45d119fbc8a0ab9f.js?body=1" for ::1 at 2016-02-04 21:27:25 -0600


Started GET "/assets/bootstrap/popover.self-210cff1fb4b72b71a29b5122180cb5937c8145cd13a934dc838280f1d9607a3e.js?body=1" for ::1 at 2016-02-04 21:27:25 -0600
Started GET "/assets/bootstrap-sprockets.self-fbfa5ad7d9aa0afe439ec4ff3883acc4cb92b62cb67c40d674320c9aa1d4642d.js?body=1" for ::1 at 2016-02-04 21:27:25 -0600
Started GET "/assets/application.self-9b9be17d3c356f1a9a23b03b3b5d01bb4e46845459cc7ac189cd20f571fefb23.js?body=1" for ::1 at 2016-02-04 21:27:25 -0600


Started GET "/trips/new" for ::1 at 2016-02-04 21:27:27 -0600
Processing by TripsController#new as HTML
No template found for TripsController#new, rendering head :no_content
Completed 204 No Content in 17ms (ActiveRecord: 8.0ms)


Started GET "/trips/new" for ::1 at 2016-02-04 21:27:27 -0600
Processing by TripsController#new as HTML
No template found for TripsController#new, rendering head :no_content
Completed 204 No Content in 3ms (ActiveRecord: 0.0ms)
DEPRECATION WARNING: alias_method_chain is deprecated. Please, use Module#prepend instead. From module, you can access the original method using super. (called from block in tsort_each at /Users/ryanfrancis/.rbenv/versions/2.2.3/lib/ruby/2.2.0/tsort.rb:226)
  [1m[35m (0.4ms)[0m  [1m[34mSELECT pg_try_advisory_lock(8634151756669997040);[0m
  [1m[36mActiveRecord::SchemaMigration Load (0.9ms)[0m  [1m[34mSELECT "schema_migrations".* FROM "schema_migrations"[0m
  [1m[35m (0.5ms)[0m  [1m[34mSELECT pg_advisory_unlock(8634151756669997040)[0m
  [1m[36mActiveRecord::SchemaMigration Load (0.2ms)[0m  [1m[34mSELECT "schema_migrations".* FROM "schema_migrations"[0m
  [1m[35m (4.3ms)[0m  [1m[34mSELECT t2.oid::regclass::text AS to_table, a1.attname AS column, a2.attname AS primary_key, c.conname AS name, c.confupdtype AS on_update, c.confdeltype AS on_delete
FROM pg_constraint c
JOIN pg_class t1 ON c.conrelid = t1.oid
JOIN pg_class t2 ON c.confrelid = t2.oid
JOIN pg_attribute a1 ON a1.attnum = c.conkey[1] AND a1.attrelid = t1.oid
JOIN pg_attribute a2 ON a2.attnum = c.confkey[1] AND a2.attrelid = t2.oid
JOIN pg_namespace t3 ON c.connamespace = t3.oid
WHERE c.contype = 'f'
  AND t1.relname = 'destinations'
  AND t3.nspname = ANY (current_schemas(false))
ORDER BY c.conname
[0m
  [1m[35m (3.7ms)[0m  [1m[34mSELECT t2.oid::regclass::text AS to_table, a1.attname AS column, a2.attname AS primary_key, c.conname AS name, c.confupdtype AS on_update, c.confdeltype AS on_delete
FROM pg_constraint c
JOIN pg_class t1 ON c.conrelid = t1.oid
JOIN pg_class t2 ON c.confrelid = t2.oid
JOIN pg_attribute a1 ON a1.attnum = c.conkey[1] AND a1.attrelid = t1.oid
JOIN pg_attribute a2 ON a2.attnum = c.confkey[1] AND a2.attrelid = t2.oid
JOIN pg_namespace t3 ON c.connamespace = t3.oid
WHERE c.contype = 'f'
  AND t1.relname = 'trips'
  AND t3.nspname = ANY (current_schemas(false))
ORDER BY c.conname
[0m
DEPRECATION WARNING: alias_method_chain is deprecated. Please, use Module#prepend instead. From module, you can access the original method using super. (called from block in tsort_each at /Users/ryanfrancis/.rbenv/versions/2.2.3/lib/ruby/2.2.0/tsort.rb:226)
DEPRECATION WARNING: alias_method_chain is deprecated. Please, use Module#prepend instead. From module, you can access the original method using super. (called from block in tsort_each at /Users/ryanfrancis/.rbenv/versions/2.2.3/lib/ruby/2.2.0/tsort.rb:226)
DEPRECATION WARNING: alias_method_chain is deprecated. Please, use Module#prepend instead. From module, you can access the original method using super. (called from block in tsort_each at /Users/ryanfrancis/.rbenv/versions/2.2.3/lib/ruby/2.2.0/tsort.rb:226)
DEPRECATION WARNING: alias_method_chain is deprecated. Please, use Module#prepend instead. From module, you can access the original method using super. (called from block in tsort_each at /Users/ryanfrancis/.rbenv/versions/2.2.3/lib/ruby/2.2.0/tsort.rb:226)
DEPRECATION WARNING: alias_method_chain is deprecated. Please, use Module#prepend instead. From module, you can access the original method using super. (called from block in tsort_each at /Users/ryanfrancis/.rbenv/versions/2.2.3/lib/ruby/2.2.0/tsort.rb:226)
  [1m[35m (2.2ms)[0m  [1m[34mSELECT pg_try_advisory_lock(8634151756669997040);[0m
  [1m[36mActiveRecord::SchemaMigration Load (4.3ms)[0m  [1m[34mSELECT "schema_migrations".* FROM "schema_migrations"[0m
Migrating to AddTripToDestinations (20160209011026)
  [1m[35m (0.3ms)[0m  [1m[35mBEGIN[0m
  [1m[35m (17.0ms)[0m  [1m[35mALTER TABLE "destinations" ADD "trip_id" integer[0m
  [1m[35m (10.3ms)[0m  [1m[35mCREATE  INDEX  "index_destinations_on_trip_id" ON "destinations"  ("trip_id")[0m
  [1m[35m (18.1ms)[0m  [1m[35mALTER TABLE "destinations" ADD CONSTRAINT "fk_rails_06842df9e1"
FOREIGN KEY ("trip_id")
  REFERENCES "trips" ("id")
[0m
  [1m[35mSQL (1.9ms)[0m  [1m[32mINSERT INTO "schema_migrations" ("version") VALUES ($1)[0m  [["version", "20160209011026"]]
  [1m[35m (1.0ms)[0m  [1m[35mCOMMIT[0m
  [1m[35m (0.4ms)[0m  [1m[34mSELECT pg_advisory_unlock(8634151756669997040)[0m
  [1m[36mActiveRecord::SchemaMigration Load (0.3ms)[0m  [1m[34mSELECT "schema_migrations".* FROM "schema_migrations"[0m
  [1m[35m (6.1ms)[0m  [1m[34mSELECT t2.oid::regclass::text AS to_table, a1.attname AS column, a2.attname AS primary_key, c.conname AS name, c.confupdtype AS on_update, c.confdeltype AS on_delete
FROM pg_constraint c
JOIN pg_class t1 ON c.conrelid = t1.oid
JOIN pg_class t2 ON c.confrelid = t2.oid
JOIN pg_attribute a1 ON a1.attnum = c.conkey[1] AND a1.attrelid = t1.oid
JOIN pg_attribute a2 ON a2.attnum = c.confkey[1] AND a2.attrelid = t2.oid
JOIN pg_namespace t3 ON c.connamespace = t3.oid
WHERE c.contype = 'f'
  AND t1.relname = 'destinations'
  AND t3.nspname = ANY (current_schemas(false))
ORDER BY c.conname
[0m
  [1m[35m (4.7ms)[0m  [1m[34mSELECT t2.oid::regclass::text AS to_table, a1.attname AS column, a2.attname AS primary_key, c.conname AS name, c.confupdtype AS on_update, c.confdeltype AS on_delete
FROM pg_constraint c
JOIN pg_class t1 ON c.conrelid = t1.oid
JOIN pg_class t2 ON c.confrelid = t2.oid
JOIN pg_attribute a1 ON a1.attnum = c.conkey[1] AND a1.attrelid = t1.oid
JOIN pg_attribute a2 ON a2.attnum = c.confkey[1] AND a2.attrelid = t2.oid
JOIN pg_namespace t3 ON c.connamespace = t3.oid
WHERE c.contype = 'f'
  AND t1.relname = 'trips'
  AND t3.nspname = ANY (current_schemas(false))
ORDER BY c.conname
[0m
